0 verbose cli [ '/usr/bin/node', '/usr/bin/npm', 'install', 'express' ]
1 info using npm@8.5.1
2 info using node@v12.22.9
3 timing npm:load:whichnode Completed in 1ms
4 timing config:load:defaults Completed in 2ms
5 timing config:load:file:/usr/share/nodejs/npm/npmrc Completed in 6ms
6 timing config:load:builtin Completed in 6ms
7 timing config:load:cli Completed in 2ms
8 timing config:load:env Completed in 0ms
9 timing config:load:file:/home/vagrant/consulService/app/.npmrc Completed in 1ms
10 timing config:load:project Completed in 9ms
11 timing config:load:file:/home/vagrant/.npmrc Completed in 1ms
12 timing config:load:user Completed in 1ms
13 timing config:load:file:/etc/npmrc Completed in 1ms
14 timing config:load:global Completed in 1ms
15 timing config:load:validate Completed in 1ms
16 timing config:load:credentials Completed in 1ms
17 timing config:load:setEnvs Completed in 1ms
18 timing config:load Completed in 26ms
19 timing npm:load:configload Completed in 26ms
20 timing npm:load:setTitle Completed in 1ms
21 timing config:load:flatten Completed in 4ms
22 timing npm:load:display Completed in 6ms
23 verbose logfile /home/vagrant/.npm/_logs/2023-08-24T05_03_05_034Z-debug-0.log
24 timing npm:load:logFile Completed in 8ms
25 timing npm:load:timers Completed in 0ms
26 timing npm:load:configScope Completed in 1ms
27 timing npm:load Completed in 44ms
28 timing arborist:ctor Completed in 2ms
29 timing idealTree:init Completed in 59ms
30 timing idealTree:userRequests Completed in 5ms
31 silly idealTree buildDeps
32 silly fetch manifest express@*
33 timing arborist:ctor Completed in 0ms
34 http fetch GET 200 https://registry.npmjs.org/express 346ms (cache miss)
35 silly placeDep ROOT express@4.18.2 OK for:  want: *
36 silly fetch manifest accepts@~1.3.8
37 silly fetch manifest array-flatten@1.1.1
38 silly fetch manifest body-parser@1.20.1
39 silly fetch manifest content-disposition@0.5.4
40 silly fetch manifest content-type@~1.0.4
41 silly fetch manifest cookie@0.5.0
42 silly fetch manifest cookie-signature@1.0.6
43 silly fetch manifest debug@2.6.9
44 silly fetch manifest depd@2.0.0
45 silly fetch manifest encodeurl@~1.0.2
46 silly fetch manifest escape-html@~1.0.3
47 silly fetch manifest etag@~1.8.1
48 silly fetch manifest finalhandler@1.2.0
49 silly fetch manifest fresh@0.5.2
50 silly fetch manifest http-errors@2.0.0
51 silly fetch manifest merge-descriptors@1.0.1
52 silly fetch manifest methods@~1.1.2
53 silly fetch manifest on-finished@2.4.1
54 silly fetch manifest parseurl@~1.3.3
55 silly fetch manifest path-to-regexp@0.1.7
56 silly fetch manifest proxy-addr@~2.0.7
57 silly fetch manifest qs@6.11.0
58 silly fetch manifest range-parser@~1.2.1
59 silly fetch manifest safe-buffer@5.2.1
60 silly fetch manifest send@0.18.0
61 silly fetch manifest serve-static@1.15.0
62 silly fetch manifest setprototypeof@1.2.0
63 silly fetch manifest statuses@2.0.1
64 silly fetch manifest type-is@~1.6.18
65 silly fetch manifest utils-merge@1.0.1
66 silly fetch manifest vary@~1.1.2
67 http fetch GET 200 https://registry.npmjs.org/accepts 216ms (cache miss)
68 http fetch GET 200 https://registry.npmjs.org/merge-descriptors 400ms (cache miss)
69 http fetch GET 200 https://registry.npmjs.org/encodeurl 410ms (cache miss)
70 http fetch GET 200 https://registry.npmjs.org/content-disposition 429ms (cache miss)
71 http fetch GET 200 https://registry.npmjs.org/escape-html 434ms (cache miss)
72 http fetch GET 200 https://registry.npmjs.org/cookie-signature 446ms (cache miss)
73 http fetch GET 200 https://registry.npmjs.org/depd 443ms (cache miss)
74 http fetch GET 200 https://registry.npmjs.org/content-type 457ms (cache miss)
75 http fetch GET 200 https://registry.npmjs.org/etag 446ms (cache miss)
76 http fetch GET 200 https://registry.npmjs.org/finalhandler 445ms (cache miss)
77 http fetch GET 200 https://registry.npmjs.org/http-errors 445ms (cache miss)
78 http fetch GET 200 https://registry.npmjs.org/on-finished 434ms (cache miss)
79 http fetch GET 200 https://registry.npmjs.org/debug 462ms (cache miss)
80 http fetch GET 200 https://registry.npmjs.org/cookie 477ms (cache miss)
81 http fetch GET 200 https://registry.npmjs.org/body-parser 486ms (cache miss)
82 http fetch GET 200 https://registry.npmjs.org/range-parser 450ms (cache miss)
83 http fetch GET 200 https://registry.npmjs.org/safe-buffer 450ms (cache miss)
84 http fetch GET 200 https://registry.npmjs.org/qs 472ms (cache miss)
85 http fetch GET 200 https://registry.npmjs.org/statuses 464ms (cache miss)
86 http fetch GET 200 https://registry.npmjs.org/type-is 469ms (cache miss)
87 http fetch GET 200 https://registry.npmjs.org/vary 482ms (cache miss)
88 http fetch GET 200 https://registry.npmjs.org/utils-merge 484ms (cache miss)
89 http fetch GET 200 https://registry.npmjs.org/fresh 667ms (cache miss)
90 http fetch GET 200 https://registry.npmjs.org/methods 694ms (cache miss)
91 http fetch GET 200 https://registry.npmjs.org/parseurl 758ms (cache miss)
92 http fetch GET 200 https://registry.npmjs.org/array-flatten 799ms (cache miss)
93 http fetch GET 200 https://registry.npmjs.org/proxy-addr 758ms (cache miss)
94 http fetch GET 200 https://registry.npmjs.org/path-to-regexp 761ms (cache miss)
95 http fetch GET 200 https://registry.npmjs.org/serve-static 799ms (cache miss)
96 http fetch GET 200 https://registry.npmjs.org/send 802ms (cache miss)
97 http fetch GET 200 https://registry.npmjs.org/setprototypeof 841ms (cache miss)
98 timing idealTree:#root Completed in 1267ms
99 silly placeDep ROOT accepts@1.3.8 OK for: express@4.18.2 want: ~1.3.8
100 silly placeDep ROOT array-flatten@1.1.1 OK for: express@4.18.2 want: 1.1.1
101 silly placeDep ROOT body-parser@1.20.1 OK for: express@4.18.2 want: 1.20.1
102 silly placeDep ROOT content-disposition@0.5.4 OK for: express@4.18.2 want: 0.5.4
103 silly placeDep ROOT content-type@1.0.5 OK for: express@4.18.2 want: ~1.0.4
104 silly placeDep ROOT cookie@0.5.0 OK for: express@4.18.2 want: 0.5.0
105 silly placeDep ROOT cookie-signature@1.0.6 OK for: express@4.18.2 want: 1.0.6
106 silly placeDep ROOT debug@2.6.9 OK for: express@4.18.2 want: 2.6.9
107 silly placeDep ROOT depd@2.0.0 OK for: express@4.18.2 want: 2.0.0
108 silly placeDep ROOT encodeurl@1.0.2 OK for: express@4.18.2 want: ~1.0.2
109 silly placeDep ROOT escape-html@1.0.3 OK for: express@4.18.2 want: ~1.0.3
110 silly placeDep ROOT etag@1.8.1 OK for: express@4.18.2 want: ~1.8.1
111 silly placeDep ROOT finalhandler@1.2.0 OK for: express@4.18.2 want: 1.2.0
112 silly placeDep ROOT fresh@0.5.2 OK for: express@4.18.2 want: 0.5.2
113 silly placeDep ROOT http-errors@2.0.0 OK for: express@4.18.2 want: 2.0.0
114 silly placeDep ROOT merge-descriptors@1.0.1 OK for: express@4.18.2 want: 1.0.1
115 silly placeDep ROOT methods@1.1.2 OK for: express@4.18.2 want: ~1.1.2
116 silly placeDep ROOT on-finished@2.4.1 OK for: express@4.18.2 want: 2.4.1
117 silly placeDep ROOT parseurl@1.3.3 OK for: express@4.18.2 want: ~1.3.3
118 silly placeDep ROOT path-to-regexp@0.1.7 OK for: express@4.18.2 want: 0.1.7
119 silly placeDep ROOT proxy-addr@2.0.7 OK for: express@4.18.2 want: ~2.0.7
120 silly placeDep ROOT qs@6.11.0 OK for: express@4.18.2 want: 6.11.0
121 silly placeDep ROOT range-parser@1.2.1 OK for: express@4.18.2 want: ~1.2.1
122 silly placeDep ROOT safe-buffer@5.2.1 OK for: express@4.18.2 want: 5.2.1
123 silly placeDep ROOT send@0.18.0 OK for: express@4.18.2 want: 0.18.0
124 silly placeDep ROOT serve-static@1.15.0 OK for: express@4.18.2 want: 1.15.0
125 silly placeDep ROOT setprototypeof@1.2.0 OK for: express@4.18.2 want: 1.2.0
126 silly placeDep ROOT statuses@2.0.1 OK for: express@4.18.2 want: 2.0.1
127 silly placeDep ROOT type-is@1.6.18 OK for: express@4.18.2 want: ~1.6.18
128 silly placeDep ROOT utils-merge@1.0.1 OK for: express@4.18.2 want: 1.0.1
129 silly placeDep ROOT vary@1.1.2 OK for: express@4.18.2 want: ~1.1.2
130 silly fetch manifest mime-types@~2.1.34
131 silly fetch manifest negotiator@0.6.3
132 silly fetch manifest bytes@3.1.2
133 silly fetch manifest destroy@1.2.0
134 silly fetch manifest iconv-lite@0.4.24
135 silly fetch manifest raw-body@2.5.1
136 silly fetch manifest unpipe@1.0.0
137 silly fetch manifest ms@2.0.0
138 silly fetch manifest unpipe@~1.0.0
139 silly fetch manifest inherits@2.0.4
140 silly fetch manifest toidentifier@1.0.1
141 silly fetch manifest ee-first@1.1.1
142 silly fetch manifest forwarded@0.2.0
143 silly fetch manifest ipaddr.js@1.9.1
144 silly fetch manifest side-channel@^1.0.4
145 silly fetch manifest mime@1.6.0
146 silly fetch manifest ms@2.1.3
147 silly fetch manifest media-typer@0.3.0
148 silly fetch manifest mime-types@~2.1.24
149 http fetch GET 200 https://registry.npmjs.org/ee-first 285ms (cache miss)
150 http fetch GET 200 https://registry.npmjs.org/mime-types 303ms (cache miss)
151 http fetch GET 200 https://registry.npmjs.org/ipaddr.js 293ms (cache miss)
152 http fetch GET 200 https://registry.npmjs.org/side-channel 292ms (cache miss)
153 http fetch GET 200 https://registry.npmjs.org/negotiator 309ms (cache miss)
154 http fetch GET 200 https://registry.npmjs.org/forwarded 297ms (cache miss)
155 http fetch GET 200 https://registry.npmjs.org/inherits 301ms (cache miss)
156 http fetch GET 200 https://registry.npmjs.org/raw-body 306ms (cache miss)
157 http fetch GET 200 https://registry.npmjs.org/mime 294ms (cache miss)
158 http fetch GET 200 https://registry.npmjs.org/ms 308ms (cache miss)
159 http fetch GET 200 https://registry.npmjs.org/toidentifier 309ms (cache miss)
160 http fetch GET 200 https://registry.npmjs.org/media-typer 300ms (cache miss)
161 http fetch GET 200 https://registry.npmjs.org/unpipe 315ms (cache miss)
162 http fetch GET 200 https://registry.npmjs.org/iconv-lite 323ms (cache miss)
163 http fetch GET 200 https://registry.npmjs.org/bytes 540ms (cache miss)
164 http fetch GET 200 https://registry.npmjs.org/destroy 540ms (cache miss)
165 timing idealTree:node_modules/express Completed in 636ms
166 silly placeDep ROOT mime-types@2.1.35 OK for: accepts@1.3.8 want: ~2.1.34
167 silly placeDep ROOT negotiator@0.6.3 OK for: accepts@1.3.8 want: 0.6.3
168 silly fetch manifest mime-db@1.52.0
169 http fetch GET 200 https://registry.npmjs.org/mime-db 91ms (cache miss)
170 timing idealTree:node_modules/accepts Completed in 100ms
171 timing idealTree:node_modules/array-flatten Completed in 0ms
172 silly placeDep ROOT bytes@3.1.2 OK for: body-parser@1.20.1 want: 3.1.2
173 silly placeDep ROOT destroy@1.2.0 OK for: body-parser@1.20.1 want: 1.2.0
174 silly placeDep ROOT iconv-lite@0.4.24 OK for: body-parser@1.20.1 want: 0.4.24
175 silly placeDep ROOT raw-body@2.5.1 OK for: body-parser@1.20.1 want: 2.5.1
176 silly placeDep ROOT unpipe@1.0.0 OK for: body-parser@1.20.1 want: 1.0.0
177 silly fetch manifest safer-buffer@>= 2.1.2 < 3
178 http fetch GET 200 https://registry.npmjs.org/safer-buffer 84ms (cache miss)
179 timing idealTree:node_modules/body-parser Completed in 100ms
180 timing idealTree:node_modules/bytes Completed in 0ms
181 timing idealTree:node_modules/content-disposition Completed in 0ms
182 timing idealTree:node_modules/content-type Completed in 0ms
183 timing idealTree:node_modules/cookie Completed in 0ms
184 timing idealTree:node_modules/cookie-signature Completed in 0ms
185 silly placeDep ROOT ms@2.0.0 OK for: debug@2.6.9 want: 2.0.0
186 timing idealTree:node_modules/debug Completed in 2ms
187 timing idealTree:node_modules/depd Completed in 0ms
188 timing idealTree:node_modules/destroy Completed in 0ms
189 timing idealTree:node_modules/encodeurl Completed in 0ms
190 timing idealTree:node_modules/escape-html Completed in 0ms
191 timing idealTree:node_modules/etag Completed in 0ms
192 timing idealTree:node_modules/finalhandler Completed in 0ms
193 timing idealTree:node_modules/fresh Completed in 0ms
194 silly placeDep ROOT inherits@2.0.4 OK for: http-errors@2.0.0 want: 2.0.4
195 silly placeDep ROOT toidentifier@1.0.1 OK for: http-errors@2.0.0 want: 1.0.1
196 timing idealTree:node_modules/http-errors Completed in 3ms
197 silly placeDep ROOT safer-buffer@2.1.2 OK for: iconv-lite@0.4.24 want: >= 2.1.2 < 3
198 timing idealTree:node_modules/iconv-lite Completed in 3ms
199 timing idealTree:node_modules/inherits Completed in 0ms
200 timing idealTree:node_modules/merge-descriptors Completed in 0ms
201 timing idealTree:node_modules/methods Completed in 0ms
202 silly placeDep ROOT mime-db@1.52.0 OK for: mime-types@2.1.35 want: 1.52.0
203 timing idealTree:node_modules/mime-types Completed in 1ms
204 timing idealTree:node_modules/mime-db Completed in 0ms
205 timing idealTree:node_modules/ms Completed in 0ms
206 timing idealTree:node_modules/negotiator Completed in 0ms
207 silly placeDep ROOT ee-first@1.1.1 OK for: on-finished@2.4.1 want: 1.1.1
208 timing idealTree:node_modules/on-finished Completed in 2ms
209 timing idealTree:node_modules/ee-first Completed in 0ms
210 timing idealTree:node_modules/parseurl Completed in 0ms
211 timing idealTree:node_modules/path-to-regexp Completed in 0ms
212 silly placeDep ROOT forwarded@0.2.0 OK for: proxy-addr@2.0.7 want: 0.2.0
213 silly placeDep ROOT ipaddr.js@1.9.1 OK for: proxy-addr@2.0.7 want: 1.9.1
214 timing idealTree:node_modules/proxy-addr Completed in 3ms
215 timing idealTree:node_modules/forwarded Completed in 0ms
216 timing idealTree:node_modules/ipaddr.js Completed in 0ms
217 silly placeDep ROOT side-channel@1.0.4 OK for: qs@6.11.0 want: ^1.0.4
218 silly fetch manifest call-bind@^1.0.0
219 silly fetch manifest get-intrinsic@^1.0.2
220 silly fetch manifest object-inspect@^1.9.0
221 http fetch GET 200 https://registry.npmjs.org/call-bind 101ms (cache miss)
222 http fetch GET 200 https://registry.npmjs.org/get-intrinsic 104ms (cache miss)
223 http fetch GET 200 https://registry.npmjs.org/object-inspect 123ms (cache miss)
224 timing idealTree:node_modules/qs Completed in 131ms
225 timing idealTree:node_modules/range-parser Completed in 0ms
226 timing idealTree:node_modules/raw-body Completed in 0ms
227 timing idealTree:node_modules/safe-buffer Completed in 0ms
228 timing idealTree:node_modules/safer-buffer Completed in 0ms
229 silly placeDep ROOT mime@1.6.0 OK for: send@0.18.0 want: 1.6.0
230 silly placeDep node_modules/send ms@2.1.3 OK for: send@0.18.0 want: 2.1.3
231 timing idealTree:node_modules/send Completed in 9ms
232 timing idealTree:node_modules/mime Completed in 0ms
233 timing idealTree:node_modules/serve-static Completed in 0ms
234 timing idealTree:node_modules/setprototypeof Completed in 0ms
235 silly placeDep ROOT call-bind@1.0.2 OK for: side-channel@1.0.4 want: ^1.0.0
236 silly placeDep ROOT get-intrinsic@1.2.1 OK for: side-channel@1.0.4 want: ^1.0.2
237 silly placeDep ROOT object-inspect@1.12.3 OK for: side-channel@1.0.4 want: ^1.9.0
238 silly fetch manifest function-bind@^1.1.1
239 silly fetch manifest has@^1.0.3
240 silly fetch manifest has-proto@^1.0.1
241 silly fetch manifest has-symbols@^1.0.3
242 http fetch GET 200 https://registry.npmjs.org/function-bind 98ms (cache miss)
243 http fetch GET 200 https://registry.npmjs.org/has-symbols 96ms (cache miss)
244 http fetch GET 200 https://registry.npmjs.org/has 99ms (cache miss)
245 http fetch GET 200 https://registry.npmjs.org/has-proto 104ms (cache miss)
246 timing idealTree:node_modules/side-channel Completed in 124ms
247 silly placeDep ROOT function-bind@1.1.1 OK for: call-bind@1.0.2 want: ^1.1.1
248 timing idealTree:node_modules/call-bind Completed in 2ms
249 timing idealTree:node_modules/function-bind Completed in 0ms
250 silly placeDep ROOT has@1.0.3 OK for: get-intrinsic@1.2.1 want: ^1.0.3
251 silly placeDep ROOT has-proto@1.0.1 OK for: get-intrinsic@1.2.1 want: ^1.0.1
252 silly placeDep ROOT has-symbols@1.0.3 OK for: get-intrinsic@1.2.1 want: ^1.0.3
253 timing idealTree:node_modules/get-intrinsic Completed in 9ms
254 timing idealTree:node_modules/has Completed in 0ms
255 timing idealTree:node_modules/has-proto Completed in 0ms
256 timing idealTree:node_modules/has-symbols Completed in 0ms
257 timing idealTree:node_modules/object-inspect Completed in 0ms
258 timing idealTree:node_modules/statuses Completed in 1ms
259 timing idealTree:node_modules/toidentifier Completed in 0ms
260 silly placeDep ROOT media-typer@0.3.0 OK for: type-is@1.6.18 want: 0.3.0
261 timing idealTree:node_modules/type-is Completed in 1ms
262 timing idealTree:node_modules/media-typer Completed in 0ms
263 timing idealTree:node_modules/unpipe Completed in 0ms
264 timing idealTree:node_modules/utils-merge Completed in 0ms
265 timing idealTree:node_modules/vary Completed in 0ms
266 timing idealTree:node_modules/send/node_modules/ms Completed in 0ms
267 timing idealTree:buildDeps Completed in 2408ms
268 timing idealTree:fixDepFlags Completed in 2ms
269 timing idealTree Completed in 2480ms
270 timing reify:loadTrees Completed in 2483ms
271 timing reify:diffTrees Completed in 5ms
272 silly reify moves {}
273 timing reify:retireShallow Completed in 2ms
274 timing reify:createSparse Completed in 32ms
275 timing reify:loadBundles Completed in 0ms
276 silly audit bulk request {
276 silly audit   consul: [ '1.2.0' ],
276 silly audit   papi: [ '1.1.2' ],
276 silly audit   express: [ '4.18.2' ],
276 silly audit   accepts: [ '1.3.8' ],
276 silly audit   'array-flatten': [ '1.1.1' ],
276 silly audit   'body-parser': [ '1.20.1' ],
276 silly audit   'content-disposition': [ '0.5.4' ],
276 silly audit   'content-type': [ '1.0.5' ],
276 silly audit   cookie: [ '0.5.0' ],
276 silly audit   'cookie-signature': [ '1.0.6' ],
276 silly audit   debug: [ '2.6.9' ],
276 silly audit   depd: [ '2.0.0' ],
276 silly audit   encodeurl: [ '1.0.2' ],
276 silly audit   'escape-html': [ '1.0.3' ],
276 silly audit   etag: [ '1.8.1' ],
276 silly audit   finalhandler: [ '1.2.0' ],
276 silly audit   fresh: [ '0.5.2' ],
276 silly audit   'http-errors': [ '2.0.0' ],
276 silly audit   'merge-descriptors': [ '1.0.1' ],
276 silly audit   methods: [ '1.1.2' ],
276 silly audit   'on-finished': [ '2.4.1' ],
276 silly audit   parseurl: [ '1.3.3' ],
276 silly audit   'path-to-regexp': [ '0.1.7' ],
276 silly audit   'proxy-addr': [ '2.0.7' ],
276 silly audit   qs: [ '6.11.0' ],
276 silly audit   'range-parser': [ '1.2.1' ],
276 silly audit   'safe-buffer': [ '5.2.1' ],
276 silly audit   send: [ '0.18.0' ],
276 silly audit   'serve-static': [ '1.15.0' ],
276 silly audit   setprototypeof: [ '1.2.0' ],
276 silly audit   statuses: [ '2.0.1' ],
276 silly audit   'type-is': [ '1.6.18' ],
276 silly audit   'utils-merge': [ '1.0.1' ],
276 silly audit   vary: [ '1.1.2' ],
276 silly audit   'mime-types': [ '2.1.35' ],
276 silly audit   negotiator: [ '0.6.3' ],
276 silly audit   bytes: [ '3.1.2' ],
276 silly audit   destroy: [ '1.2.0' ],
276 silly audit   'iconv-lite': [ '0.4.24' ],
276 silly audit   'raw-body': [ '2.5.1' ],
276 silly audit   unpipe: [ '1.0.0' ],
276 silly audit   ms: [ '2.0.0', '2.1.3' ],
276 silly audit   inherits: [ '2.0.4' ],
276 silly audit   toidentifier: [ '1.0.1' ],
276 silly audit   'safer-buffer': [ '2.1.2' ],
276 silly audit   'mime-db': [ '1.52.0' ],
276 silly audit   'ee-first': [ '1.1.1' ],
276 silly audit   forwarded: [ '0.2.0' ],
276 silly audit   'ipaddr.js': [ '1.9.1' ],
276 silly audit   'side-channel': [ '1.0.4' ],
276 silly audit   mime: [ '1.6.0' ],
276 silly audit   'call-bind': [ '1.0.2' ],
276 silly audit   'get-intrinsic': [ '1.2.1' ],
276 silly audit   'object-inspect': [ '1.12.3' ],
276 silly audit   'function-bind': [ '1.1.1' ],
276 silly audit   has: [ '1.0.3' ],
276 silly audit   'has-proto': [ '1.0.1' ],
276 silly audit   'has-symbols': [ '1.0.3' ],
276 silly audit   'media-typer': [ '0.3.0' ]
276 silly audit }
277 silly tarball no local data for media-typer@https://registry.npmjs.org/media-typer/-/media-typer-0.3.0.tgz. Extracting by manifest.
278 silly tarball no local data for has-symbols@https://registry.npmjs.org/has-symbols/-/has-symbols-1.0.3.tgz. Extracting by manifest.
279 silly tarball no local data for has-proto@https://registry.npmjs.org/has-proto/-/has-proto-1.0.1.tgz. Extracting by manifest.
280 silly tarball no local data for has@https://registry.npmjs.org/has/-/has-1.0.3.tgz. Extracting by manifest.
281 silly tarball no local data for function-bind@https://registry.npmjs.org/function-bind/-/function-bind-1.1.1.tgz. Extracting by manifest.
282 silly tarball no local data for object-inspect@https://registry.npmjs.org/object-inspect/-/object-inspect-1.12.3.tgz. Extracting by manifest.
283 silly tarball no local data for get-intrinsic@https://registry.npmjs.org/get-intrinsic/-/get-intrinsic-1.2.1.tgz. Extracting by manifest.
284 silly tarball no local data for call-bind@https://registry.npmjs.org/call-bind/-/call-bind-1.0.2.tgz. Extracting by manifest.
285 silly tarball no local data for mime@https://registry.npmjs.org/mime/-/mime-1.6.0.tgz. Extracting by manifest.
286 silly tarball no local data for side-channel@https://registry.npmjs.org/side-channel/-/side-channel-1.0.4.tgz. Extracting by manifest.
287 silly tarball no local data for ipaddr.js@https://registry.npmjs.org/ipaddr.js/-/ipaddr.js-1.9.1.tgz. Extracting by manifest.
288 silly tarball no local data for forwarded@https://registry.npmjs.org/forwarded/-/forwarded-0.2.0.tgz. Extracting by manifest.
289 silly tarball no local data for ee-first@https://registry.npmjs.org/ee-first/-/ee-first-1.1.1.tgz. Extracting by manifest.
290 silly tarball no local data for mime-db@https://registry.npmjs.org/mime-db/-/mime-db-1.52.0.tgz. Extracting by manifest.
291 silly tarball no local data for safer-buffer@https://registry.npmjs.org/safer-buffer/-/safer-buffer-2.1.2.tgz. Extracting by manifest.
292 silly tarball no local data for toidentifier@https://registry.npmjs.org/toidentifier/-/toidentifier-1.0.1.tgz. Extracting by manifest.
293 silly tarball no local data for inherits@https://registry.npmjs.org/inherits/-/inherits-2.0.4.tgz. Extracting by manifest.
294 silly tarball no local data for ms@https://registry.npmjs.org/ms/-/ms-2.0.0.tgz. Extracting by manifest.
295 silly tarball no local data for unpipe@https://registry.npmjs.org/unpipe/-/unpipe-1.0.0.tgz. Extracting by manifest.
296 silly tarball no local data for raw-body@https://registry.npmjs.org/raw-body/-/raw-body-2.5.1.tgz. Extracting by manifest.
297 silly tarball no local data for iconv-lite@https://registry.npmjs.org/iconv-lite/-/iconv-lite-0.4.24.tgz. Extracting by manifest.
298 silly tarball no local data for destroy@https://registry.npmjs.org/destroy/-/destroy-1.2.0.tgz. Extracting by manifest.
299 silly tarball no local data for bytes@https://registry.npmjs.org/bytes/-/bytes-3.1.2.tgz. Extracting by manifest.
300 silly tarball no local data for negotiator@https://registry.npmjs.org/negotiator/-/negotiator-0.6.3.tgz. Extracting by manifest.
301 silly tarball no local data for mime-types@https://registry.npmjs.org/mime-types/-/mime-types-2.1.35.tgz. Extracting by manifest.
302 silly tarball no local data for vary@https://registry.npmjs.org/vary/-/vary-1.1.2.tgz. Extracting by manifest.
303 silly tarball no local data for utils-merge@https://registry.npmjs.org/utils-merge/-/utils-merge-1.0.1.tgz. Extracting by manifest.
304 silly tarball no local data for type-is@https://registry.npmjs.org/type-is/-/type-is-1.6.18.tgz. Extracting by manifest.
305 silly tarball no local data for statuses@https://registry.npmjs.org/statuses/-/statuses-2.0.1.tgz. Extracting by manifest.
306 silly tarball no local data for setprototypeof@https://registry.npmjs.org/setprototypeof/-/setprototypeof-1.2.0.tgz. Extracting by manifest.
307 silly tarball no local data for serve-static@https://registry.npmjs.org/serve-static/-/serve-static-1.15.0.tgz. Extracting by manifest.
308 silly tarball no local data for send@https://registry.npmjs.org/send/-/send-0.18.0.tgz. Extracting by manifest.
309 silly tarball no local data for safe-buffer@https://registry.npmjs.org/safe-buffer/-/safe-buffer-5.2.1.tgz. Extracting by manifest.
310 silly tarball no local data for range-parser@https://registry.npmjs.org/range-parser/-/range-parser-1.2.1.tgz. Extracting by manifest.
311 silly tarball no local data for qs@https://registry.npmjs.org/qs/-/qs-6.11.0.tgz. Extracting by manifest.
312 silly tarball no local data for proxy-addr@https://registry.npmjs.org/proxy-addr/-/proxy-addr-2.0.7.tgz. Extracting by manifest.
313 silly tarball no local data for path-to-regexp@https://registry.npmjs.org/path-to-regexp/-/path-to-regexp-0.1.7.tgz. Extracting by manifest.
314 silly tarball no local data for parseurl@https://registry.npmjs.org/parseurl/-/parseurl-1.3.3.tgz. Extracting by manifest.
315 silly tarball no local data for on-finished@https://registry.npmjs.org/on-finished/-/on-finished-2.4.1.tgz. Extracting by manifest.
316 silly tarball no local data for methods@https://registry.npmjs.org/methods/-/methods-1.1.2.tgz. Extracting by manifest.
317 silly tarball no local data for merge-descriptors@https://registry.npmjs.org/merge-descriptors/-/merge-descriptors-1.0.1.tgz. Extracting by manifest.
318 silly tarball no local data for http-errors@https://registry.npmjs.org/http-errors/-/http-errors-2.0.0.tgz. Extracting by manifest.
319 silly tarball no local data for fresh@https://registry.npmjs.org/fresh/-/fresh-0.5.2.tgz. Extracting by manifest.
320 silly tarball no local data for finalhandler@https://registry.npmjs.org/finalhandler/-/finalhandler-1.2.0.tgz. Extracting by manifest.
321 silly tarball no local data for etag@https://registry.npmjs.org/etag/-/etag-1.8.1.tgz. Extracting by manifest.
322 silly tarball no local data for escape-html@https://registry.npmjs.org/escape-html/-/escape-html-1.0.3.tgz. Extracting by manifest.
323 silly tarball no local data for encodeurl@https://registry.npmjs.org/encodeurl/-/encodeurl-1.0.2.tgz. Extracting by manifest.
324 silly tarball no local data for depd@https://registry.npmjs.org/depd/-/depd-2.0.0.tgz. Extracting by manifest.
325 silly tarball no local data for debug@https://registry.npmjs.org/debug/-/debug-2.6.9.tgz. Extracting by manifest.
326 silly tarball no local data for cookie-signature@https://registry.npmjs.org/cookie-signature/-/cookie-signature-1.0.6.tgz. Extracting by manifest.
327 silly tarball no local data for cookie@https://registry.npmjs.org/cookie/-/cookie-0.5.0.tgz. Extracting by manifest.
328 silly tarball no local data for content-type@https://registry.npmjs.org/content-type/-/content-type-1.0.5.tgz. Extracting by manifest.
329 silly tarball no local data for content-disposition@https://registry.npmjs.org/content-disposition/-/content-disposition-0.5.4.tgz. Extracting by manifest.
330 silly tarball no local data for body-parser@https://registry.npmjs.org/body-parser/-/body-parser-1.20.1.tgz. Extracting by manifest.
331 silly tarball no local data for array-flatten@https://registry.npmjs.org/array-flatten/-/array-flatten-1.1.1.tgz. Extracting by manifest.
332 silly tarball no local data for accepts@https://registry.npmjs.org/accepts/-/accepts-1.3.8.tgz. Extracting by manifest.
333 silly tarball no local data for express@https://registry.npmjs.org/express/-/express-4.18.2.tgz. Extracting by manifest.
334 silly tarball no local data for ms@https://registry.npmjs.org/ms/-/ms-2.1.3.tgz. Extracting by manifest.
335 http fetch POST 200 https://registry.npmjs.org/-/npm/v1/security/advisories/bulk 1384ms
336 timing auditReport:getReport Completed in 1390ms
337 silly audit report {}
338 timing auditReport:init Completed in 0ms
339 timing reify:audit Completed in 1394ms
340 http fetch GET 200 https://registry.npmjs.org/has/-/has-1.0.3.tgz 1757ms (cache miss)
341 timing reifyNode:node_modules/has Completed in 1926ms
342 http fetch GET 200 https://registry.npmjs.org/ipaddr.js/-/ipaddr.js-1.9.1.tgz 1688ms (cache miss)
343 timing reifyNode:node_modules/ipaddr.js Completed in 1934ms
344 http fetch GET 200 https://registry.npmjs.org/toidentifier/-/toidentifier-1.0.1.tgz 1636ms (cache miss)
345 timing reifyNode:node_modules/toidentifier Completed in 1968ms
346 http fetch GET 200 https://registry.npmjs.org/has-proto/-/has-proto-1.0.1.tgz 1834ms (cache miss)
347 timing reifyNode:node_modules/has-proto Completed in 1993ms
348 http fetch GET 200 https://registry.npmjs.org/forwarded/-/forwarded-0.2.0.tgz 1722ms (cache miss)
349 timing reifyNode:node_modules/forwarded Completed in 2003ms
350 http fetch GET 200 https://registry.npmjs.org/ee-first/-/ee-first-1.1.1.tgz 1705ms (cache miss)
351 timing reifyNode:node_modules/ee-first Completed in 2007ms
352 http fetch GET 200 https://registry.npmjs.org/proxy-addr/-/proxy-addr-2.0.7.tgz 1482ms (cache miss)
353 timing reifyNode:node_modules/proxy-addr Completed in 2022ms
354 http fetch GET 200 https://registry.npmjs.org/ms/-/ms-2.0.0.tgz 1697ms (cache miss)
355 timing reifyNode:node_modules/ms Completed in 2046ms
356 http fetch GET 200 https://registry.npmjs.org/unpipe/-/unpipe-1.0.0.tgz 1706ms (cache miss)
357 timing reifyNode:node_modules/unpipe Completed in 2062ms
358 http fetch GET 200 https://registry.npmjs.org/inherits/-/inherits-2.0.4.tgz 1722ms (cache miss)
359 timing reifyNode:node_modules/inherits Completed in 2066ms
360 http fetch GET 200 https://registry.npmjs.org/on-finished/-/on-finished-2.4.1.tgz 1541ms (cache miss)
361 timing reifyNode:node_modules/on-finished Completed in 2103ms
362 http fetch GET 200 https://registry.npmjs.org/destroy/-/destroy-1.2.0.tgz 1744ms (cache miss)
363 timing reifyNode:node_modules/destroy Completed in 2133ms
364 http fetch GET 200 https://registry.npmjs.org/utils-merge/-/utils-merge-1.0.1.tgz 1673ms (cache miss)
365 timing reifyNode:node_modules/utils-merge Completed in 2137ms
366 http fetch GET 200 https://registry.npmjs.org/vary/-/vary-1.1.2.tgz 1703ms (cache miss)
367 timing reifyNode:node_modules/vary Completed in 2143ms
368 http fetch GET 200 https://registry.npmjs.org/cookie-signature/-/cookie-signature-1.0.6.tgz 1484ms (cache miss)
369 timing reifyNode:node_modules/cookie-signature Completed in 2154ms
370 http fetch GET 200 https://registry.npmjs.org/range-parser/-/range-parser-1.2.1.tgz 1659ms (cache miss)
371 timing reifyNode:node_modules/range-parser Completed in 2178ms
372 http fetch GET 200 https://registry.npmjs.org/media-typer/-/media-typer-0.3.0.tgz 2052ms (cache miss)
373 timing reifyNode:node_modules/media-typer Completed in 2194ms
374 http fetch GET 200 https://registry.npmjs.org/safe-buffer/-/safe-buffer-5.2.1.tgz 1684ms (cache miss)
375 timing reifyNode:node_modules/safe-buffer Completed in 2196ms
376 http fetch GET 200 https://registry.npmjs.org/path-to-regexp/-/path-to-regexp-0.1.7.tgz 1657ms (cache miss)
377 timing reifyNode:node_modules/path-to-regexp Completed in 2203ms
378 http fetch GET 200 https://registry.npmjs.org/methods/-/methods-1.1.2.tgz 1645ms (cache miss)
379 timing reifyNode:node_modules/methods Completed in 2213ms
380 http fetch GET 200 https://registry.npmjs.org/raw-body/-/raw-body-2.5.1.tgz 1875ms (cache miss)
381 timing reifyNode:node_modules/raw-body Completed in 2242ms
382 http fetch GET 200 https://registry.npmjs.org/bytes/-/bytes-3.1.2.tgz 1855ms (cache miss)
383 timing reifyNode:node_modules/bytes Completed in 2248ms
384 http fetch GET 200 https://registry.npmjs.org/escape-html/-/escape-html-1.0.3.tgz 1625ms (cache miss)
385 timing reifyNode:node_modules/escape-html Completed in 2271ms
386 http fetch GET 200 https://registry.npmjs.org/encodeurl/-/encodeurl-1.0.2.tgz 1636ms (cache miss)
387 timing reifyNode:node_modules/encodeurl Completed in 2286ms
388 http fetch GET 200 https://registry.npmjs.org/type-is/-/type-is-1.6.18.tgz 1827ms (cache miss)
389 timing reifyNode:node_modules/type-is Completed in 2302ms
390 http fetch GET 200 https://registry.npmjs.org/array-flatten/-/array-flatten-1.1.1.tgz 1585ms (cache miss)
391 timing reifyNode:node_modules/array-flatten Completed in 2314ms
392 http fetch GET 200 https://registry.npmjs.org/mime-types/-/mime-types-2.1.35.tgz 1919ms (cache miss)
393 timing reifyNode:node_modules/mime-types Completed in 2330ms
394 http fetch GET 200 https://registry.npmjs.org/fresh/-/fresh-0.5.2.tgz 1727ms (cache miss)
395 timing reifyNode:node_modules/fresh Completed in 2341ms
396 http fetch GET 200 https://registry.npmjs.org/finalhandler/-/finalhandler-1.2.0.tgz 1725ms (cache miss)
397 timing reifyNode:node_modules/finalhandler Completed in 2347ms
398 http fetch GET 200 https://registry.npmjs.org/get-intrinsic/-/get-intrinsic-1.2.1.tgz 2153ms (cache miss)
399 timing reifyNode:node_modules/get-intrinsic Completed in 2362ms
400 http fetch GET 200 https://registry.npmjs.org/send/-/send-0.18.0.tgz 1871ms (cache miss)
401 timing reifyNode:node_modules/send Completed in 2380ms
402 http fetch GET 200 https://registry.npmjs.org/etag/-/etag-1.8.1.tgz 1764ms (cache miss)
403 timing reifyNode:node_modules/etag Completed in 2398ms
404 http fetch GET 200 https://registry.npmjs.org/http-errors/-/http-errors-2.0.0.tgz 1819ms (cache miss)
405 timing reifyNode:node_modules/http-errors Completed in 2426ms
406 http fetch GET 200 https://registry.npmjs.org/statuses/-/statuses-2.0.1.tgz 1960ms (cache miss)
407 timing reifyNode:node_modules/statuses Completed in 2439ms
408 http fetch GET 200 https://registry.npmjs.org/function-bind/-/function-bind-1.1.1.tgz 2273ms (cache miss)
409 timing reifyNode:node_modules/function-bind Completed in 2458ms
410 http fetch GET 200 https://registry.npmjs.org/serve-static/-/serve-static-1.15.0.tgz 1967ms (cache miss)
411 timing reifyNode:node_modules/serve-static Completed in 2465ms
412 http fetch GET 200 https://registry.npmjs.org/setprototypeof/-/setprototypeof-1.2.0.tgz 1984ms (cache miss)
413 timing reifyNode:node_modules/setprototypeof Completed in 2475ms
414 http fetch GET 200 https://registry.npmjs.org/merge-descriptors/-/merge-descriptors-1.0.1.tgz 1903ms (cache miss)
415 timing reifyNode:node_modules/merge-descriptors Completed in 2483ms
416 http fetch GET 200 https://registry.npmjs.org/content-type/-/content-type-1.0.5.tgz 1798ms (cache miss)
417 timing reifyNode:node_modules/content-type Completed in 2484ms
418 http fetch GET 200 https://registry.npmjs.org/accepts/-/accepts-1.3.8.tgz 1745ms (cache miss)
419 timing reifyNode:node_modules/accepts Completed in 2494ms
420 http fetch GET 200 https://registry.npmjs.org/side-channel/-/side-channel-1.0.4.tgz 2266ms (cache miss)
421 timing reifyNode:node_modules/side-channel Completed in 2506ms
422 http fetch GET 200 https://registry.npmjs.org/parseurl/-/parseurl-1.3.3.tgz 2015ms (cache miss)
423 timing reifyNode:node_modules/parseurl Completed in 2567ms
424 http fetch GET 200 https://registry.npmjs.org/depd/-/depd-2.0.0.tgz 1926ms (cache miss)
425 timing reifyNode:node_modules/depd Completed in 2580ms
426 http fetch GET 200 https://registry.npmjs.org/content-disposition/-/content-disposition-0.5.4.tgz 1888ms (cache miss)
427 timing reifyNode:node_modules/content-disposition Completed in 2585ms
428 http fetch GET 200 https://registry.npmjs.org/ms/-/ms-2.1.3.tgz 1821ms (cache miss)
429 timing reifyNode:node_modules/send/node_modules/ms Completed in 2594ms
430 http fetch GET 200 https://registry.npmjs.org/negotiator/-/negotiator-0.6.3.tgz 2201ms (cache miss)
431 timing reifyNode:node_modules/negotiator Completed in 2608ms
432 http fetch GET 200 https://registry.npmjs.org/cookie/-/cookie-0.5.0.tgz 1939ms (cache miss)
433 timing reifyNode:node_modules/cookie Completed in 2620ms
434 http fetch GET 200 https://registry.npmjs.org/call-bind/-/call-bind-1.0.2.tgz 2417ms (cache miss)
435 timing reifyNode:node_modules/call-bind Completed in 2634ms
436 http fetch GET 200 https://registry.npmjs.org/safer-buffer/-/safer-buffer-2.1.2.tgz 2327ms (cache miss)
437 timing reifyNode:node_modules/safer-buffer Completed in 2648ms
438 http fetch GET 200 https://registry.npmjs.org/has-symbols/-/has-symbols-1.0.3.tgz 2518ms (cache miss)
439 timing reifyNode:node_modules/has-symbols Completed in 2668ms
440 http fetch GET 200 https://registry.npmjs.org/mime/-/mime-1.6.0.tgz 2453ms (cache miss)
441 timing reifyNode:node_modules/mime Completed in 2679ms
442 http fetch GET 200 https://registry.npmjs.org/mime-db/-/mime-db-1.52.0.tgz 2402ms (cache miss)
443 timing reifyNode:node_modules/mime-db Completed in 2714ms
444 http fetch GET 200 https://registry.npmjs.org/debug/-/debug-2.6.9.tgz 2111ms (cache miss)
445 timing reifyNode:node_modules/debug Completed in 2776ms
446 http fetch GET 200 https://registry.npmjs.org/body-parser/-/body-parser-1.20.1.tgz 2103ms (cache miss)
447 timing reifyNode:node_modules/body-parser Completed in 2807ms
448 http fetch GET 200 https://registry.npmjs.org/qs/-/qs-6.11.0.tgz 2297ms (cache miss)
449 timing reifyNode:node_modules/qs Completed in 2826ms
450 http fetch GET 200 https://registry.npmjs.org/object-inspect/-/object-inspect-1.12.3.tgz 2650ms (cache miss)
451 timing reifyNode:node_modules/object-inspect Completed in 2841ms
452 http fetch GET 200 https://registry.npmjs.org/express/-/express-4.18.2.tgz 2089ms (cache miss)
453 timing reifyNode:node_modules/express Completed in 2854ms
454 http fetch GET 200 https://registry.npmjs.org/iconv-lite/-/iconv-lite-0.4.24.tgz 2495ms (cache miss)
455 timing reifyNode:node_modules/iconv-lite Completed in 2870ms
456 timing reify:unpack Completed in 2873ms
457 timing reify:unretire Completed in 0ms
458 timing build:queue Completed in 5ms
459 timing build:link:node_modules/mime Completed in 13ms
460 timing build:link Completed in 15ms
461 timing build:deps Completed in 20ms
462 timing build Completed in 20ms
463 timing reify:build Completed in 22ms
464 timing reify:trash Completed in 0ms
465 timing reify:save Completed in 67ms
466 timing reify Completed in 5549ms
467 silly ADD node_modules/media-typer
468 silly ADD node_modules/has-symbols
469 silly ADD node_modules/has-proto
470 silly ADD node_modules/has
471 silly ADD node_modules/function-bind
472 silly ADD node_modules/object-inspect
473 silly ADD node_modules/get-intrinsic
474 silly ADD node_modules/call-bind
475 silly ADD node_modules/mime
476 silly ADD node_modules/side-channel
477 silly ADD node_modules/ipaddr.js
478 silly ADD node_modules/forwarded
479 silly ADD node_modules/ee-first
480 silly ADD node_modules/mime-db
481 silly ADD node_modules/safer-buffer
482 silly ADD node_modules/toidentifier
483 silly ADD node_modules/inherits
484 silly ADD node_modules/ms
485 silly ADD node_modules/unpipe
486 silly ADD node_modules/raw-body
487 silly ADD node_modules/iconv-lite
488 silly ADD node_modules/destroy
489 silly ADD node_modules/bytes
490 silly ADD node_modules/negotiator
491 silly ADD node_modules/mime-types
492 silly ADD node_modules/vary
493 silly ADD node_modules/utils-merge
494 silly ADD node_modules/type-is
495 silly ADD node_modules/statuses
496 silly ADD node_modules/setprototypeof
497 silly ADD node_modules/serve-static
498 silly ADD node_modules/send
499 silly ADD node_modules/send/node_modules/ms
500 silly ADD node_modules/safe-buffer
501 silly ADD node_modules/range-parser
502 silly ADD node_modules/qs
503 silly ADD node_modules/proxy-addr
504 silly ADD node_modules/path-to-regexp
505 silly ADD node_modules/parseurl
506 silly ADD node_modules/on-finished
507 silly ADD node_modules/methods
508 silly ADD node_modules/merge-descriptors
509 silly ADD node_modules/http-errors
510 silly ADD node_modules/fresh
511 silly ADD node_modules/finalhandler
512 silly ADD node_modules/etag
513 silly ADD node_modules/escape-html
514 silly ADD node_modules/encodeurl
515 silly ADD node_modules/depd
516 silly ADD node_modules/debug
517 silly ADD node_modules/cookie-signature
518 silly ADD node_modules/cookie
519 silly ADD node_modules/content-type
520 silly ADD node_modules/content-disposition
521 silly ADD node_modules/body-parser
522 silly ADD node_modules/array-flatten
523 silly ADD node_modules/accepts
524 silly ADD node_modules/express
525 timing command:install Completed in 5568ms
526 verbose exit 0
527 timing npm Completed in 5970ms
528 info ok
